# JRE version: Java(TM) SE Runtime Environment (14.0.2+12) (build 14.0.2+12-46)
# Java VM: Java HotSpot(TM) 64-Bit Server VM (14.0.2+12-46, mixed mode, sharing, tiered, compressed oops, g1 gc, windows-amd64)
Heap:
 garbage-first heap   total 131072K, used 68982K [0x0000000080800000, 0x0000000100000000)
  region size 1024K, 66 young (67584K), 2 survivors (2048K)
 Metaspace       used 13452K, capacity 15088K, committed 15232K, reserved 1062912K
  class space    used 1547K, capacity 1800K, committed 1920K, reserved 1048576K
GC Heap History (6 events):
Event: 0.478 GC heap before
{Heap before GC invocations=0 (full 0):
 garbage-first heap   total 131072K, used 13312K [0x0000000080800000, 0x0000000100000000)
  region size 1024K, 13 young (13312K), 0 survivors (0K)
 Metaspace       used 3294K, capacity 6444K, committed 6656K, reserved 1056768K
  class space    used 339K, capacity 663K, committed 768K, reserved 1048576K
}
Event: 0.489 GC heap after
{Heap after GC invocations=1 (full 0):
 garbage-first heap   total 131072K, used 3179K [0x0000000080800000, 0x0000000100000000)
  region size 1024K, 2 young (2048K), 2 survivors (2048K)
 Metaspace       used 3294K, capacity 6444K, committed 6656K, reserved 1056768K
  class space    used 339K, capacity 663K, committed 768K, reserved 1048576K
}
Event: 0.767 GC heap before
{Heap before GC invocations=1 (full 0):
 garbage-first heap   total 131072K, used 16491K [0x0000000080800000, 0x0000000100000000)
  region size 1024K, 15 young (15360K), 2 survivors (2048K)
 Metaspace       used 5109K, capacity 7774K, committed 7808K, reserved 1056768K
  class space    used 608K, capacity 893K, committed 896K, reserved 1048576K
}
Event: 0.772 GC heap after
{Heap after GC invocations=2 (full 0):
 garbage-first heap   total 131072K, used 3688K [0x0000000080800000, 0x0000000100000000)
  region size 1024K, 1 young (1024K), 1 survivors (1024K)
 Metaspace       used 5109K, capacity 7774K, committed 7808K, reserved 1056768K
  class space    used 608K, capacity 893K, committed 896K, reserved 1048576K
}
Event: 1.349 GC heap before
{Heap before GC invocations=2 (full 0):
 garbage-first heap   total 131072K, used 31336K [0x0000000080800000, 0x0000000100000000)
  region size 1024K, 28 young (28672K), 1 survivors (1024K)
 Metaspace       used 8345K, capacity 10617K, committed 10752K, reserved 1058816K
  class space    used 995K, capacity 1260K, committed 1280K, reserved 1048576K
}
Event: 1.352 GC heap after
{Heap after GC invocations=3 (full 0):
 garbage-first heap   total 131072K, used 4470K [0x0000000080800000, 0x0000000100000000)
  region size 1024K, 2 young (2048K), 2 survivors (2048K)
 Metaspace       used 8345K, capacity 10617K, committed 10752K, reserved 1058816K
  class space    used 995K, capacity 1260K, committed 1280K, reserved 1048576K
}

