# JRE version: Java(TM) SE Runtime Environment (13.0.1+9) (build 13.0.1+9)
# Java VM: Java HotSpot(TM) 64-Bit Server VM (13.0.1+9, mixed mode, sharing, tiered, compressed oops, parallel gc, windows-amd64)
Heap:
 PSYoungGen      total 49664K, used 37989K [0x00000000eab00000, 0x00000000ee680000, 0x0000000100000000)
  eden space 39424K, 72% used [0x00000000eab00000,0x00000000ec7141f8,0x00000000ed180000)
  from space 10240K, 90% used [0x00000000edc80000,0x00000000ee5852c8,0x00000000ee680000)
  to   space 10752K, 0% used [0x00000000ed180000,0x00000000ed180000,0x00000000edc00000)
 ParOldGen       total 206848K, used 167611K [0x00000000c0000000, 0x00000000cca00000, 0x00000000eab00000)
  object space 206848K, 81% used [0x00000000c0000000,0x00000000ca3aee78,0x00000000cca00000)
 Metaspace       used 50325K, capacity 53196K, committed 53504K, reserved 1095680K
  class space    used 5315K, capacity 6333K, committed 6400K, reserved 1048576K
GC Heap History (20 events):
Event: 14.311 GC heap before
{Heap before GC invocations=50 (full 4):
 PSYoungGen      total 26112K, used 26094K [0x00000000eab00000, 0x00000000ed380000, 0x0000000100000000)
  eden space 22016K, 100% used [0x00000000eab00000,0x00000000ec080000,0x00000000ec080000)
  from space 4096K, 99% used [0x00000000ec080000,0x00000000ec47bb78,0x00000000ec480000)
  to   space 8704K, 0% used [0x00000000ecb00000,0x00000000ecb00000,0x00000000ed380000)
 ParOldGen       total 147968K, used 108344K [0x00000000c0000000, 0x00000000c9080000, 0x00000000eab00000)
  object space 147968K, 73% used [0x00000000c0000000,0x00000000c69ce238,0x00000000c9080000)
 Metaspace       used 46825K, capacity 49358K, committed 49664K, reserved 1093632K
  class space    used 4899K, capacity 5825K, committed 5888K, reserved 1048576K
}
Event: 14.328 GC heap after
{Heap after GC invocations=50 (full 4):
 PSYoungGen      total 30720K, used 4571K [0x00000000eab00000, 0x00000000ed000000, 0x0000000100000000)
  eden space 25600K, 0% used [0x00000000eab00000,0x00000000eab00000,0x00000000ec400000)
  from space 5120K, 89% used [0x00000000ecb00000,0x00000000ecf76e20,0x00000000ed000000)
  to   space 6144K, 0% used [0x00000000ec400000,0x00000000ec400000,0x00000000eca00000)
 ParOldGen       total 147968K, used 112199K [0x00000000c0000000, 0x00000000c9080000, 0x00000000eab00000)
  object space 147968K, 75% used [0x00000000c0000000,0x00000000c6d91c20,0x00000000c9080000)
 Metaspace       used 46825K, capacity 49358K, committed 49664K, reserved 1093632K
  class space    used 4899K, capacity 5825K, committed 5888K, reserved 1048576K
}
Event: 14.421 GC heap before
{Heap before GC invocations=51 (full 4):
 PSYoungGen      total 30720K, used 30171K [0x00000000eab00000, 0x00000000ed000000, 0x0000000100000000)
  eden space 25600K, 100% used [0x00000000eab00000,0x00000000ec400000,0x00000000ec400000)
  from space 5120K, 89% used [0x00000000ecb00000,0x00000000ecf76e20,0x00000000ed000000)
  to   space 6144K, 0% used [0x00000000ec400000,0x00000000ec400000,0x00000000eca00000)
 ParOldGen       total 147968K, used 112199K [0x00000000c0000000, 0x00000000c9080000, 0x00000000eab00000)
  object space 147968K, 75% used [0x00000000c0000000,0x00000000c6d91c20,0x00000000c9080000)
 Metaspace       used 46956K, capacity 49414K, committed 49664K, reserved 1093632K
  class space    used 4912K, capacity 5861K, committed 5888K, reserved 1048576K
}
Event: 14.433 GC heap after
{Heap after GC invocations=51 (full 4):
 PSYoungGen      total 31744K, used 5188K [0x00000000eab00000, 0x00000000ed280000, 0x0000000100000000)
  eden space 25600K, 0% used [0x00000000eab00000,0x00000000eab00000,0x00000000ec400000)
  from space 6144K, 84% used [0x00000000ec400000,0x00000000ec911268,0x00000000eca00000)
  to   space 5632K, 0% used [0x00000000ecd00000,0x00000000ecd00000,0x00000000ed280000)
 ParOldGen       total 147968K, used 116687K [0x00000000c0000000, 0x00000000c9080000, 0x00000000eab00000)
  object space 147968K, 78% used [0x00000000c0000000,0x00000000c71f3da0,0x00000000c9080000)
 Metaspace       used 46956K, capacity 49414K, committed 49664K, reserved 1093632K
  class space    used 4912K, capacity 5861K, committed 5888K, reserved 1048576K
}
Event: 14.581 GC heap before
{Heap before GC invocations=52 (full 4):
 PSYoungGen      total 31744K, used 30788K [0x00000000eab00000, 0x00000000ed280000, 0x0000000100000000)
  eden space 25600K, 100% used [0x00000000eab00000,0x00000000ec400000,0x00000000ec400000)
  from space 6144K, 84% used [0x00000000ec400000,0x00000000ec911268,0x00000000eca00000)
  to   space 5632K, 0% used [0x00000000ecd00000,0x00000000ecd00000,0x00000000ed280000)
 ParOldGen       total 147968K, used 116687K [0x00000000c0000000, 0x00000000c9080000, 0x00000000eab00000)
  object space 147968K, 78% used [0x00000000c0000000,0x00000000c71f3da0,0x00000000c9080000)
 Metaspace       used 47240K, capacity 49780K, committed 50048K, reserved 1093632K
  class space    used 4936K, capacity 5900K, committed 6016K, reserved 1048576K
}
Event: 14.592 GC heap after
{Heap after GC invocations=52 (full 4):
 PSYoungGen      total 31232K, used 5470K [0x00000000eab00000, 0x00000000ed280000, 0x0000000100000000)
  eden space 25600K, 0% used [0x00000000eab00000,0x00000000eab00000,0x00000000ec400000)
  from space 5632K, 97% used [0x00000000ecd00000,0x00000000ed257b08,0x00000000ed280000)
  to   space 5632K, 0% used [0x00000000ec780000,0x00000000ec780000,0x00000000ecd00000)
 ParOldGen       total 147968K, used 121753K [0x00000000c0000000, 0x00000000c9080000, 0x00000000eab00000)
  object space 147968K, 82% used [0x00000000c0000000,0x00000000c76e6798,0x00000000c9080000)
 Metaspace       used 47240K, capacity 49780K, committed 50048K, reserved 1093632K
  class space    used 4936K, capacity 5900K, committed 6016K, reserved 1048576K
}
Event: 14.684 GC heap before
{Heap before GC invocations=53 (full 4):
 PSYoungGen      total 31232K, used 31070K [0x00000000eab00000, 0x00000000ed280000, 0x0000000100000000)
  eden space 25600K, 100% used [0x00000000eab00000,0x00000000ec400000,0x00000000ec400000)
  from space 5632K, 97% used [0x00000000ecd00000,0x00000000ed257b08,0x00000000ed280000)
  to   space 5632K, 0% used [0x00000000ec780000,0x00000000ec780000,0x00000000ecd00000)
 ParOldGen       total 147968K, used 121753K [0x00000000c0000000, 0x00000000c9080000, 0x00000000eab00000)
  object space 147968K, 82% used [0x00000000c0000000,0x00000000c76e6798,0x00000000c9080000)
 Metaspace       used 47353K, capacity 49908K, committed 50048K, reserved 1093632K
  class space    used 4936K, capacity 5900K, committed 6016K, reserved 1048576K
}
Event: 14.717 GC heap after
{Heap after GC invocations=53 (full 4):
 PSYoungGen      total 34816K, used 5253K [0x00000000eab00000, 0x00000000ed300000, 0x0000000100000000)
  eden space 29184K, 0% used [0x00000000eab00000,0x00000000eab00000,0x00000000ec780000)
  from space 5632K, 93% used [0x00000000ec780000,0x00000000ecca16d8,0x00000000ecd00000)
  to   space 5632K, 0% used [0x00000000ecd80000,0x00000000ecd80000,0x00000000ed300000)
 ParOldGen       total 147968K, used 127004K [0x00000000c0000000, 0x00000000c9080000, 0x00000000eab00000)
  object space 147968K, 85% used [0x00000000c0000000,0x00000000c7c07250,0x00000000c9080000)
 Metaspace       used 47353K, capacity 49908K, committed 50048K, reserved 1093632K
  class space    used 4936K, capacity 5900K, committed 6016K, reserved 1048576K
}
Event: 14.849 GC heap before
{Heap before GC invocations=54 (full 4):
 PSYoungGen      total 34816K, used 34437K [0x00000000eab00000, 0x00000000ed300000, 0x0000000100000000)
  eden space 29184K, 100% used [0x00000000eab00000,0x00000000ec780000,0x00000000ec780000)
  from space 5632K, 93% used [0x00000000ec780000,0x00000000ecca16d8,0x00000000ecd00000)
  to   space 5632K, 0% used [0x00000000ecd80000,0x00000000ecd80000,0x00000000ed300000)
 ParOldGen       total 147968K, used 127004K [0x00000000c0000000, 0x00000000c9080000, 0x00000000eab00000)
  object space 147968K, 85% used [0x00000000c0000000,0x00000000c7c07250,0x00000000c9080000)
 Metaspace       used 47514K, capacity 50092K, committed 50304K, reserved 1093632K
  class space    used 4954K, capacity 5940K, committed 6016K, reserved 1048576K
}
Event: 14.870 GC heap after
{Heap after GC invocations=54 (full 4):
 PSYoungGen      total 28672K, used 5621K [0x00000000eab00000, 0x00000000ee380000, 0x0000000100000000)
  eden space 23040K, 0% used [0x00000000eab00000,0x00000000eab00000,0x00000000ec180000)
  from space 5632K, 99% used [0x00000000ecd80000,0x00000000ed2fd6c8,0x00000000ed300000)
  to   space 12288K, 0% used [0x00000000ec180000,0x00000000ec180000,0x00000000ecd80000)
 ParOldGen       total 147968K, used 132298K [0x00000000c0000000, 0x00000000c9080000, 0x00000000eab00000)
  object space 147968K, 89% used [0x00000000c0000000,0x00000000c8132b30,0x00000000c9080000)
 Metaspace       used 47514K, capacity 50092K, committed 50304K, reserved 1093632K
  class space    used 4954K, capacity 5940K, committed 6016K, reserved 1048576K
}
Event: 14.969 GC heap before
{Heap before GC invocations=55 (full 4):
 PSYoungGen      total 28672K, used 28661K [0x00000000eab00000, 0x00000000ee380000, 0x0000000100000000)
  eden space 23040K, 100% used [0x00000000eab00000,0x00000000ec180000,0x00000000ec180000)
  from space 5632K, 99% used [0x00000000ecd80000,0x00000000ed2fd6c8,0x00000000ed300000)
  to   space 12288K, 0% used [0x00000000ec180000,0x00000000ec180000,0x00000000ecd80000)
 ParOldGen       total 147968K, used 132298K [0x00000000c0000000, 0x00000000c9080000, 0x00000000eab00000)
  object space 147968K, 89% used [0x00000000c0000000,0x00000000c8132b30,0x00000000c9080000)
 Metaspace       used 47655K, capacity 50255K, committed 50304K, reserved 1093632K
  class space    used 4968K, capacity 5973K, committed 6016K, reserved 1048576K
}
Event: 14.985 GC heap after
{Heap after GC invocations=55 (full 4):
 PSYoungGen      total 28672K, used 5336K [0x00000000eab00000, 0x00000000ed400000, 0x0000000100000000)
  eden space 23040K, 0% used [0x00000000eab00000,0x00000000eab00000,0x00000000ec180000)
  from space 5632K, 94% used [0x00000000ec180000,0x00000000ec6b6260,0x00000000ec700000)
  to   space 7680K, 0% used [0x00000000ecc80000,0x00000000ecc80000,0x00000000ed400000)
 ParOldGen       total 147968K, used 137870K [0x00000000c0000000, 0x00000000c9080000, 0x00000000eab00000)
  object space 147968K, 93% used [0x00000000c0000000,0x00000000c86a3a58,0x00000000c9080000)
 Metaspace       used 47655K, capacity 50255K, committed 50304K, reserved 1093632K
  class space    used 4968K, capacity 5973K, committed 6016K, reserved 1048576K
}
Event: 15.121 GC heap before
{Heap before GC invocations=56 (full 4):
 PSYoungGen      total 28672K, used 28366K [0x00000000eab00000, 0x00000000ed400000, 0x0000000100000000)
  eden space 23040K, 99% used [0x00000000eab00000,0x00000000ec17d8e0,0x00000000ec180000)
  from space 5632K, 94% used [0x00000000ec180000,0x00000000ec6b6260,0x00000000ec700000)
  to   space 7680K, 0% used [0x00000000ecc80000,0x00000000ecc80000,0x00000000ed400000)
 ParOldGen       total 147968K, used 137870K [0x00000000c0000000, 0x00000000c9080000, 0x00000000eab00000)
  object space 147968K, 93% used [0x00000000c0000000,0x00000000c86a3a58,0x00000000c9080000)
 Metaspace       used 47745K, capacity 50261K, committed 50304K, reserved 1093632K
  class space    used 4973K, capacity 5975K, committed 6016K, reserved 1048576K
}
Event: 15.138 GC heap after
{Heap after GC invocations=56 (full 4):
 PSYoungGen      total 30720K, used 3932K [0x00000000eab00000, 0x00000000ed080000, 0x0000000100000000)
  eden space 26624K, 0% used [0x00000000eab00000,0x00000000eab00000,0x00000000ec500000)
  from space 4096K, 95% used [0x00000000ecc80000,0x00000000ed057030,0x00000000ed080000)
  to   space 5120K, 0% used [0x00000000ec680000,0x00000000ec680000,0x00000000ecb80000)
 ParOldGen       total 147968K, used 143024K [0x00000000c0000000, 0x00000000c9080000, 0x00000000eab00000)
  object space 147968K, 96% used [0x00000000c0000000,0x00000000c8bac200,0x00000000c9080000)
 Metaspace       used 47745K, capacity 50261K, committed 50304K, reserved 1093632K
  class space    used 4973K, capacity 5975K, committed 6016K, reserved 1048576K
}
Event: 15.138 GC heap before
{Heap before GC invocations=57 (full 5):
 PSYoungGen      total 30720K, used 3932K [0x00000000eab00000, 0x00000000ed080000, 0x0000000100000000)
  eden space 26624K, 0% used [0x00000000eab00000,0x00000000eab00000,0x00000000ec500000)
  from space 4096K, 95% used [0x00000000ecc80000,0x00000000ed057030,0x00000000ed080000)
  to   space 5120K, 0% used [0x00000000ec680000,0x00000000ec680000,0x00000000ecb80000)
 ParOldGen       total 147968K, used 143024K [0x00000000c0000000, 0x00000000c9080000, 0x00000000eab00000)
  object space 147968K, 96% used [0x00000000c0000000,0x00000000c8bac200,0x00000000c9080000)
 Metaspace       used 47745K, capacity 50261K, committed 50304K, reserved 1093632K
  class space    used 4973K, capacity 5975K, committed 6016K, reserved 1048576K
}
Event: 15.559 GC heap after
{Heap after GC invocations=57 (full 5):
 PSYoungGen      total 33280K, used 0K [0x00000000eab00000, 0x00000000ed200000, 0x0000000100000000)
  eden space 28160K, 0% used [0x00000000eab00000,0x00000000eab00000,0x00000000ec680000)
  from space 5120K, 0% used [0x00000000ec680000,0x00000000ec680000,0x00000000ecb80000)
  to   space 5120K, 0% used [0x00000000ecd00000,0x00000000ecd00000,0x00000000ed200000)
 ParOldGen       total 206848K, used 144706K [0x00000000c0000000, 0x00000000cca00000, 0x00000000eab00000)
  object space 206848K, 69% used [0x00000000c0000000,0x00000000c8d508b8,0x00000000cca00000)
 Metaspace       used 47745K, capacity 50261K, committed 50304K, reserved 1093632K
  class space    used 4973K, capacity 5975K, committed 6016K, reserved 1048576K
}
Event: 15.671 GC heap before
{Heap before GC invocations=58 (full 5):
 PSYoungGen      total 33280K, used 28160K [0x00000000eab00000, 0x00000000ed200000, 0x0000000100000000)
  eden space 28160K, 100% used [0x00000000eab00000,0x00000000ec680000,0x00000000ec680000)
  from space 5120K, 0% used [0x00000000ec680000,0x00000000ec680000,0x00000000ecb80000)
  to   space 5120K, 0% used [0x00000000ecd00000,0x00000000ecd00000,0x00000000ed200000)
 ParOldGen       total 206848K, used 144706K [0x00000000c0000000, 0x00000000cca00000, 0x00000000eab00000)
  object space 206848K, 69% used [0x00000000c0000000,0x00000000c8d508b8,0x00000000cca00000)
 Metaspace       used 47789K, capacity 50325K, committed 50560K, reserved 1093632K
  class space    used 4974K, capacity 5975K, committed 6016K, reserved 1048576K
}
Event: 15.680 GC heap after
{Heap after GC invocations=58 (full 5):
 PSYoungGen      total 35328K, used 4158K [0x00000000eab00000, 0x00000000ed280000, 0x0000000100000000)
  eden space 30208K, 0% used [0x00000000eab00000,0x00000000eab00000,0x00000000ec880000)
  from space 5120K, 81% used [0x00000000ecd00000,0x00000000ed10f8c0,0x00000000ed200000)
  to   space 4608K, 0% used [0x00000000ec880000,0x00000000ec880000,0x00000000ecd00000)
 ParOldGen       total 206848K, used 144706K [0x00000000c0000000, 0x00000000cca00000, 0x00000000eab00000)
  object space 206848K, 69% used [0x00000000c0000000,0x00000000c8d508b8,0x00000000cca00000)
 Metaspace       used 47789K, capacity 50325K, committed 50560K, reserved 1093632K
  class space    used 4974K, capacity 5975K, committed 6016K, reserved 1048576K
}
Event: 15.804 GC heap before
{Heap before GC invocations=59 (full 5):
 PSYoungGen      total 35328K, used 34366K [0x00000000eab00000, 0x00000000ed280000, 0x0000000100000000)
  eden space 30208K, 100% used [0x00000000eab00000,0x00000000ec880000,0x00000000ec880000)
  from space 5120K, 81% used [0x00000000ecd00000,0x00000000ed10f8c0,0x00000000ed200000)
  to   space 4608K, 0% used [0x00000000ec880000,0x00000000ec880000,0x00000000ecd00000)
 ParOldGen       total 206848K, used 144706K [0x00000000c0000000, 0x00000000cca00000, 0x00000000eab00000)
  object space 206848K, 69% used [0x00000000c0000000,0x00000000c8d508b8,0x00000000cca00000)
 Metaspace       used 47833K, capacity 50389K, committed 50560K, reserved 1093632K
  class space    used 4975K, capacity 5975K, committed 6016K, reserved 1048576K
}
Event: 15.822 GC heap after
{Heap after GC invocations=59 (full 5):
 PSYoungGen      total 34816K, used 4581K [0x00000000eab00000, 0x00000000ee180000, 0x0000000100000000)
  eden space 30208K, 0% used [0x00000000eab00000,0x00000000eab00000,0x00000000ec880000)
  from space 4608K, 99% used [0x00000000ec880000,0x00000000eccf9418,0x00000000ecd00000)
  to   space 11264K, 0% used [0x00000000ed680000,0x00000000ed680000,0x00000000ee180000)
 ParOldGen       total 206848K, used 150022K [0x00000000c0000000, 0x00000000cca00000, 0x00000000eab00000)
  object space 206848K, 72% used [0x00000000c0000000,0x00000000c92819f0,0x00000000cca00000)
 Metaspace       used 47833K, capacity 50389K, committed 50560K, reserved 1093632K
  class space    used 4975K, capacity 5975K, committed 6016K, reserved 1048576K
}

