-------------------------------------------------------------------------------
Test set: com.mycompany.classroster.dao.ClassRosterDaoFileImplTest
-------------------------------------------------------------------------------
Tests run: 4, Failures: 4, Errors: 0, Skipped: 0, Time elapsed: 0.065 sec <<< FAILURE!
com.mycompany.classroster.dao.ClassRosterDaoFileImplTest.testSomeMethod()  Time elapsed: 0.005 sec  <<< FAILURE!
org.opentest4j.AssertionFailedError: The test case is a prototype.
	at org.junit.jupiter.api.AssertionUtils.fail(AssertionUtils.java:39)
	at org.junit.jupiter.api.Assertions.fail(Assertions.java:109)
	at com.mycompany.classroster.dao.ClassRosterDaoFileImplTest.testSomeMethod(ClassRosterDaoFileImplTest.java:52)

com.mycompany.classroster.dao.ClassRosterDaoFileImplTest.testAddGetStudent()  Time elapsed: 0.023 sec  <<< FAILURE!
java.lang.NullPointerException
	at com.mycompany.classroster.dao.ClassRosterDaoFileImplTest.testAddGetStudent(ClassRosterDaoFileImplTest.java:65)

com.mycompany.classroster.dao.ClassRosterDaoFileImplTest.testRemoveStudent()  Time elapsed: 0.001 sec  <<< FAILURE!
java.lang.NullPointerException
	at com.mycompany.classroster.dao.ClassRosterDaoFileImplTest.testRemoveStudent(ClassRosterDaoFileImplTest.java:132)

com.mycompany.classroster.dao.ClassRosterDaoFileImplTest.testAddGetAllStudents()  Time elapsed: 0.03 sec  <<< FAILURE!
java.lang.NullPointerException
	at com.mycompany.classroster.dao.ClassRosterDaoFileImplTest.testAddGetAllStudents(ClassRosterDaoFileImplTest.java:100)

